<?xml version="1.0" encoding="UTF-8"?>
<testsuite name="com.watermelon.domain.album.AlbumRepositoryTest" tests="1" skipped="0" failures="0" errors="0" timestamp="2020-09-11T03:48:46" hostname="LAPTOP-OVQJ7QLO" time="1.065">
  <properties/>
  <testcase name="album_delete" classname="com.watermelon.domain.album.AlbumRepositoryTest" time="1.065"/>
  <system-out><![CDATA[12:48:39.817 [Test worker] DEBUG org.springframework.test.context.junit4.SpringJUnit4ClassRunner - SpringJUnit4ClassRunner constructor called with [class com.watermelon.domain.album.AlbumRepositoryTest]
12:48:39.832 [Test worker] DEBUG org.springframework.test.context.BootstrapUtils - Instantiating CacheAwareContextLoaderDelegate from class [org.springframework.test.context.cache.DefaultCacheAwareContextLoaderDelegate]
12:48:39.841 [Test worker] DEBUG org.springframework.test.context.BootstrapUtils - Instantiating BootstrapContext using constructor [public org.springframework.test.context.support.DefaultBootstrapContext(java.lang.Class,org.springframework.test.context.CacheAwareContextLoaderDelegate)]
12:48:39.883 [Test worker] DEBUG org.springframework.test.context.BootstrapUtils - Instantiating TestContextBootstrapper for test class [com.watermelon.domain.album.AlbumRepositoryTest] from class [org.springframework.boot.test.context.SpringBootTestContextBootstrapper]
12:48:39.902 [Test worker] INFO org.springframework.boot.test.context.SpringBootTestContextBootstrapper - Neither @ContextConfiguration nor @ContextHierarchy found for test class [com.watermelon.domain.album.AlbumRepositoryTest], using SpringBootContextLoader
12:48:39.907 [Test worker] DEBUG org.springframework.test.context.support.AbstractContextLoader - Did not detect default resource location for test class [com.watermelon.domain.album.AlbumRepositoryTest]: class path resource [com/watermelon/domain/album/AlbumRepositoryTest-context.xml] does not exist
12:48:39.907 [Test worker] DEBUG org.springframework.test.context.support.AbstractContextLoader - Did not detect default resource location for test class [com.watermelon.domain.album.AlbumRepositoryTest]: class path resource [com/watermelon/domain/album/AlbumRepositoryTestContext.groovy] does not exist
12:48:39.908 [Test worker] INFO org.springframework.test.context.support.AbstractContextLoader - Could not detect default resource locations for test class [com.watermelon.domain.album.AlbumRepositoryTest]: no resource found for suffixes {-context.xml, Context.groovy}.
12:48:39.909 [Test worker] INFO org.springframework.test.context.support.AnnotationConfigContextLoaderUtils - Could not detect default configuration classes for test class [com.watermelon.domain.album.AlbumRepositoryTest]: AlbumRepositoryTest does not declare any static, non-private, non-final, nested classes annotated with @Configuration.
12:48:39.969 [Test worker] DEBUG org.springframework.test.context.support.ActiveProfilesUtils - Could not find an 'annotation declaring class' for annotation type [org.springframework.test.context.ActiveProfiles] and class [com.watermelon.domain.album.AlbumRepositoryTest]
12:48:40.045 [Test worker] DEBUG org.springframework.context.annotation.ClassPathScanningCandidateComponentProvider - Identified candidate component class: file [C:\Users\sigyung\works\waterMelon\build\classes\java\main\com\watermelon\Application.class]
12:48:40.046 [Test worker] INFO org.springframework.boot.test.context.SpringBootTestContextBootstrapper - Found @SpringBootConfiguration com.watermelon.Application for test class com.watermelon.domain.album.AlbumRepositoryTest
12:48:40.158 [Test worker] DEBUG org.springframework.boot.test.context.SpringBootTestContextBootstrapper - @TestExecutionListeners is not present for class [com.watermelon.domain.album.AlbumRepositoryTest]: using defaults.
12:48:40.159 [Test worker] INFO org.springframework.boot.test.context.SpringBootTestContextBootstrapper - Loaded default TestExecutionListener class names from location [META-INF/spring.factories]: [org.springframework.boot.test.autoconfigure.restdocs.RestDocsTestExecutionListener, org.springframework.boot.test.autoconfigure.web.client.MockRestServiceServerResetTestExecutionListener, org.springframework.boot.test.autoconfigure.web.servlet.MockMvcPrintOnlyOnFailureTestExecutionListener, org.springframework.boot.test.autoconfigure.web.servlet.WebDriverTestExecutionListener, org.springframework.boot.test.autoconfigure.webservices.client.MockWebServiceServerTestExecutionListener, org.springframework.boot.test.mock.mockito.MockitoTestExecutionListener, org.springframework.boot.test.mock.mockito.ResetMocksTestExecutionListener, org.springframework.test.context.web.ServletTestExecutionListener, org.springframework.test.context.support.DirtiesContextBeforeModesTestExecutionListener, org.springframework.test.context.support.DependencyInjectionTestExecutionListener, org.springframework.test.context.support.DirtiesContextTestExecutionListener, org.springframework.test.context.transaction.TransactionalTestExecutionListener, org.springframework.test.context.jdbc.SqlScriptsTestExecutionListener, org.springframework.test.context.event.EventPublishingTestExecutionListener]
12:48:40.186 [Test worker] INFO org.springframework.boot.test.context.SpringBootTestContextBootstrapper - Using TestExecutionListeners: [org.springframework.test.context.web.ServletTestExecutionListener@7797a0a, org.springframework.test.context.support.DirtiesContextBeforeModesTestExecutionListener@62ee0c76, org.springframework.boot.test.mock.mockito.MockitoTestExecutionListener@52d746e5, org.springframework.boot.test.autoconfigure.SpringBootDependencyInjectionTestExecutionListener@70e69aaf, org.springframework.test.context.support.DirtiesContextTestExecutionListener@3c831793, org.springframework.test.context.transaction.TransactionalTestExecutionListener@2e1c31c9, org.springframework.test.context.jdbc.SqlScriptsTestExecutionListener@4694aa81, org.springframework.test.context.event.EventPublishingTestExecutionListener@2e3631e, org.springframework.boot.test.autoconfigure.restdocs.RestDocsTestExecutionListener@2678c35e, org.springframework.boot.test.autoconfigure.web.client.MockRestServiceServerResetTestExecutionListener@69a52c21, org.springframework.boot.test.autoconfigure.web.servlet.MockMvcPrintOnlyOnFailureTestExecutionListener@a064336, org.springframework.boot.test.autoconfigure.web.servlet.WebDriverTestExecutionListener@13642afb, org.springframework.boot.test.autoconfigure.webservices.client.MockWebServiceServerTestExecutionListener@73e669fa, org.springframework.boot.test.mock.mockito.ResetMocksTestExecutionListener@33628783]
12:48:40.189 [Test worker] DEBUG org.springframework.test.annotation.ProfileValueUtils - Retrieved @ProfileValueSourceConfiguration [null] for test class [com.watermelon.domain.album.AlbumRepositoryTest]
12:48:40.189 [Test worker] DEBUG org.springframework.test.annotation.ProfileValueUtils - Retrieved ProfileValueSource type [class org.springframework.test.annotation.SystemProfileValueSource] for class [com.watermelon.domain.album.AlbumRepositoryTest]
12:48:40.191 [Test worker] DEBUG org.springframework.test.annotation.ProfileValueUtils - Retrieved @ProfileValueSourceConfiguration [null] for test class [com.watermelon.domain.album.AlbumRepositoryTest]
12:48:40.191 [Test worker] DEBUG org.springframework.test.annotation.ProfileValueUtils - Retrieved ProfileValueSource type [class org.springframework.test.annotation.SystemProfileValueSource] for class [com.watermelon.domain.album.AlbumRepositoryTest]
12:48:40.192 [Test worker] DEBUG org.springframework.test.annotation.ProfileValueUtils - Retrieved @ProfileValueSourceConfiguration [null] for test class [com.watermelon.domain.album.AlbumRepositoryTest]
12:48:40.193 [Test worker] DEBUG org.springframework.test.annotation.ProfileValueUtils - Retrieved ProfileValueSource type [class org.springframework.test.annotation.SystemProfileValueSource] for class [com.watermelon.domain.album.AlbumRepositoryTest]
12:48:40.196 [Test worker] DEBUG org.springframework.test.annotation.ProfileValueUtils - Retrieved @ProfileValueSourceConfiguration [null] for test class [com.watermelon.domain.album.AlbumRepositoryTest]
12:48:40.196 [Test worker] DEBUG org.springframework.test.annotation.ProfileValueUtils - Retrieved ProfileValueSource type [class org.springframework.test.annotation.SystemProfileValueSource] for class [com.watermelon.domain.album.AlbumRepositoryTest]
12:48:40.196 [Test worker] DEBUG org.springframework.test.annotation.ProfileValueUtils - Retrieved @ProfileValueSourceConfiguration [null] for test class [com.watermelon.domain.album.AlbumRepositoryTest]
12:48:40.197 [Test worker] DEBUG org.springframework.test.annotation.ProfileValueUtils - Retrieved ProfileValueSource type [class org.springframework.test.annotation.SystemProfileValueSource] for class [com.watermelon.domain.album.AlbumRepositoryTest]
12:48:40.203 [Test worker] DEBUG org.springframework.test.context.support.AbstractDirtiesContextTestExecutionListener - Before test class: context [DefaultTestContext@2ed3050a testClass = AlbumRepositoryTest, testInstance = [null], testMethod = [null], testException = [null], mergedContextConfiguration = [WebMergedContextConfiguration@1a1eae88 testClass = AlbumRepositoryTest, locations = '{}', classes = '{class com.watermelon.Application}', contextInitializerClasses = '[]', activeProfiles = '{}', propertySourceLocations = '{}', propertySourceProperties = '{org.springframework.boot.test.context.SpringBootTestContextBootstrapper=true, server.port=0}', contextCustomizers = set[org.springframework.boot.test.autoconfigure.properties.PropertyMappingContextCustomizer@0, org.springframework.boot.test.autoconfigure.web.servlet.WebDriverContextCustomizerFactory$Customizer@19870011, org.springframework.boot.test.context.filter.ExcludeFilterContextCustomizer@7bd6b4f0, org.springframework.boot.test.json.DuplicateJsonObjectContextCustomizerFactory$DuplicateJsonObjectContextCustomizer@1c8ee816, org.springframework.boot.test.mock.mockito.MockitoContextCustomizer@0, org.springframework.boot.test.web.client.TestRestTemplateContextCustomizer@35310e38, org.springframework.boot.test.context.SpringBootTestArgs@1], resourceBasePath = 'src/main/webapp', contextLoader = 'org.springframework.boot.test.context.SpringBootContextLoader', parent = [null]], attributes = map['org.springframework.test.context.web.ServletTestExecutionListener.activateListener' -> false]], class annotated with @DirtiesContext [false] with mode [null].
12:48:40.204 [Test worker] DEBUG org.springframework.test.annotation.ProfileValueUtils - Retrieved @ProfileValueSourceConfiguration [null] for test class [com.watermelon.domain.album.AlbumRepositoryTest]
12:48:40.205 [Test worker] DEBUG org.springframework.test.annotation.ProfileValueUtils - Retrieved ProfileValueSource type [class org.springframework.test.annotation.SystemProfileValueSource] for class [com.watermelon.domain.album.AlbumRepositoryTest]
12:48:40.209 [Test worker] DEBUG org.springframework.test.context.support.DependencyInjectionTestExecutionListener - Performing dependency injection for test context [[DefaultTestContext@2ed3050a testClass = AlbumRepositoryTest, testInstance = com.watermelon.domain.album.AlbumRepositoryTest@556978c4, testMethod = [null], testException = [null], mergedContextConfiguration = [WebMergedContextConfiguration@1a1eae88 testClass = AlbumRepositoryTest, locations = '{}', classes = '{class com.watermelon.Application}', contextInitializerClasses = '[]', activeProfiles = '{}', propertySourceLocations = '{}', propertySourceProperties = '{org.springframework.boot.test.context.SpringBootTestContextBootstrapper=true, server.port=0}', contextCustomizers = set[org.springframework.boot.test.autoconfigure.properties.PropertyMappingContextCustomizer@0, org.springframework.boot.test.autoconfigure.web.servlet.WebDriverContextCustomizerFactory$Customizer@19870011, org.springframework.boot.test.context.filter.ExcludeFilterContextCustomizer@7bd6b4f0, org.springframework.boot.test.json.DuplicateJsonObjectContextCustomizerFactory$DuplicateJsonObjectContextCustomizer@1c8ee816, org.springframework.boot.test.mock.mockito.MockitoContextCustomizer@0, org.springframework.boot.test.web.client.TestRestTemplateContextCustomizer@35310e38, org.springframework.boot.test.context.SpringBootTestArgs@1], resourceBasePath = 'src/main/webapp', contextLoader = 'org.springframework.boot.test.context.SpringBootContextLoader', parent = [null]], attributes = map['org.springframework.test.context.web.ServletTestExecutionListener.activateListener' -> false]]].
12:48:40.233 [Test worker] DEBUG org.springframework.test.context.support.TestPropertySourceUtils - Adding inlined properties to environment: {spring.jmx.enabled=false, org.springframework.boot.test.context.SpringBootTestContextBootstrapper=true, server.port=0}

  .   ____          _            __ _ _
 /\\ / ___'_ __ _ _(_)_ __  __ _ \ \ \ \
( ( )\___ | '_ | '_| | '_ \/ _` | \ \ \ \
 \\/  ___)| |_)| | | | | || (_| |  ) ) ) )
  '  |____| .__|_| |_|_| |_\__, | / / / /
 =========|_|==============|___/=/_/_/_/
 :: Spring Boot ::        (v2.3.2.RELEASE)

2020-09-11 12:48:40.611  INFO 9756 --- [    Test worker] c.w.domain.album.AlbumRepositoryTest     : Starting AlbumRepositoryTest on LAPTOP-OVQJ7QLO with PID 9756 (started by sigyung in C:\Users\sigyung\works\waterMelon)
2020-09-11 12:48:40.617  INFO 9756 --- [    Test worker] c.w.domain.album.AlbumRepositoryTest     : No active profile set, falling back to default profiles: default
2020-09-11 12:48:41.292  INFO 9756 --- [    Test worker] .s.d.r.c.RepositoryConfigurationDelegate : Bootstrapping Spring Data JPA repositories in DEFERRED mode.
2020-09-11 12:48:41.370  INFO 9756 --- [    Test worker] .s.d.r.c.RepositoryConfigurationDelegate : Finished Spring Data repository scanning in 70ms. Found 2 JPA repository interfaces.
2020-09-11 12:48:42.105  INFO 9756 --- [    Test worker] o.s.b.w.embedded.tomcat.TomcatWebServer  : Tomcat initialized with port(s): 0 (http)
2020-09-11 12:48:42.118  INFO 9756 --- [    Test worker] o.apache.catalina.core.StandardService   : Starting service [Tomcat]
2020-09-11 12:48:42.118  INFO 9756 --- [    Test worker] org.apache.catalina.core.StandardEngine  : Starting Servlet engine: [Apache Tomcat/9.0.37]
2020-09-11 12:48:42.267  INFO 9756 --- [    Test worker] o.a.c.c.C.[Tomcat].[localhost].[/]       : Initializing Spring embedded WebApplicationContext
2020-09-11 12:48:42.267  INFO 9756 --- [    Test worker] w.s.c.ServletWebServerApplicationContext : Root WebApplicationContext: initialization completed in 1628 ms
2020-09-11 12:48:42.671  INFO 9756 --- [    Test worker] o.s.s.concurrent.ThreadPoolTaskExecutor  : Initializing ExecutorService 'applicationTaskExecutor'
2020-09-11 12:48:42.762  INFO 9756 --- [         task-1] o.hibernate.jpa.internal.util.LogHelper  : HHH000204: Processing PersistenceUnitInfo [name: default]
2020-09-11 12:48:42.857  INFO 9756 --- [         task-1] org.hibernate.Version                    : HHH000412: Hibernate ORM core version 5.4.18.Final
2020-09-11 12:48:43.097  INFO 9756 --- [         task-1] o.hibernate.annotations.common.Version   : HCANN000001: Hibernate Commons Annotations {5.1.0.Final}
2020-09-11 12:48:43.259  INFO 9756 --- [         task-1] com.zaxxer.hikari.HikariDataSource       : HikariPool-1 - Starting...
2020-09-11 12:48:43.974  INFO 9756 --- [         task-1] com.zaxxer.hikari.HikariDataSource       : HikariPool-1 - Start completed.
2020-09-11 12:48:43.999  INFO 9756 --- [         task-1] org.hibernate.dialect.Dialect            : HHH000400: Using dialect: org.hibernate.dialect.MySQL5InnoDBDialect
2020-09-11 12:48:44.887  INFO 9756 --- [         task-1] o.h.e.t.j.p.i.JtaPlatformInitiator       : HHH000490: Using JtaPlatform implementation: [org.hibernate.engine.transaction.jta.platform.internal.NoJtaPlatform]
2020-09-11 12:48:44.896  INFO 9756 --- [         task-1] j.LocalContainerEntityManagerFactoryBean : Initialized JPA EntityManagerFactory for persistence unit 'default'
2020-09-11 12:48:45.899  INFO 9756 --- [    Test worker] o.s.b.w.embedded.tomcat.TomcatWebServer  : Tomcat started on port(s): 52718 (http) with context path ''
2020-09-11 12:48:45.900  INFO 9756 --- [    Test worker] DeferredRepositoryInitializationListener : Triggering deferred initialization of Spring Data repositories…
2020-09-11 12:48:46.390  INFO 9756 --- [    Test worker] DeferredRepositoryInitializationListener : Spring Data repositories initialized!
2020-09-11 12:48:46.397  INFO 9756 --- [    Test worker] c.w.domain.album.AlbumRepositoryTest     : Started AlbumRepositoryTest in 6.161 seconds (JVM running for 7.556)
Hibernate: insert into album (created_at, updated_at, agency, deleted_at, information, publish_date, publisher, title, type) values (?, ?, ?, ?, ?, ?, ?, ?, ?)
2020-09-11 12:48:46.808  INFO 9756 --- [o-auto-1-exec-1] o.a.c.c.C.[Tomcat].[localhost].[/]       : Initializing Spring DispatcherServlet 'dispatcherServlet'
2020-09-11 12:48:46.808  INFO 9756 --- [o-auto-1-exec-1] o.s.web.servlet.DispatcherServlet        : Initializing Servlet 'dispatcherServlet'
2020-09-11 12:48:46.859  INFO 9756 --- [o-auto-1-exec-1] o.s.web.servlet.DispatcherServlet        : Completed initialization in 51 ms
Hibernate: select album0_.id as id1_0_0_, album0_.created_at as created_2_0_0_, album0_.updated_at as updated_3_0_0_, album0_.agency as agency4_0_0_, album0_.deleted_at as deleted_5_0_0_, album0_.information as informat6_0_0_, album0_.publish_date as publish_7_0_0_, album0_.publisher as publishe8_0_0_, album0_.title as title9_0_0_, album0_.type as type10_0_0_ from album album0_ where album0_.id=?
Hibernate: update album set created_at=?, updated_at=?, agency=?, deleted_at=?, information=?, publish_date=?, publisher=?, title=?, type=? where id=?
Hibernate: select album0_.id as id1_0_0_, album0_.created_at as created_2_0_0_, album0_.updated_at as updated_3_0_0_, album0_.agency as agency4_0_0_, album0_.deleted_at as deleted_5_0_0_, album0_.information as informat6_0_0_, album0_.publish_date as publish_7_0_0_, album0_.publisher as publishe8_0_0_, album0_.title as title9_0_0_, album0_.type as type10_0_0_ from album album0_ where album0_.id=?
title
Hibernate: select album0_.id as id1_0_, album0_.created_at as created_2_0_, album0_.updated_at as updated_3_0_, album0_.agency as agency4_0_, album0_.deleted_at as deleted_5_0_, album0_.information as informat6_0_, album0_.publish_date as publish_7_0_, album0_.publisher as publishe8_0_, album0_.title as title9_0_, album0_.type as type10_0_ from album album0_
Hibernate: delete from album where id=?
]]></system-out>
  <system-err><![CDATA[]]></system-err>
</testsuite>
