<?xml version="1.0" encoding="UTF-8"?>
<testsuite name="com.watermelon.domain.album.AlbumRepositoryTest" tests="1" skipped="0" failures="0" errors="0" timestamp="2020-11-18T08:14:40" hostname="LAPTOP-OVQJ7QLO" time="1.087">
  <properties/>
  <testcase name="album_update" classname="com.watermelon.domain.album.AlbumRepositoryTest" time="1.087"/>
  <system-out><![CDATA[17:14:30.655 [Test worker] DEBUG org.springframework.test.context.junit4.SpringJUnit4ClassRunner - SpringJUnit4ClassRunner constructor called with [class com.watermelon.domain.album.AlbumRepositoryTest]
17:14:30.670 [Test worker] DEBUG org.springframework.test.context.BootstrapUtils - Instantiating CacheAwareContextLoaderDelegate from class [org.springframework.test.context.cache.DefaultCacheAwareContextLoaderDelegate]
17:14:30.686 [Test worker] DEBUG org.springframework.test.context.BootstrapUtils - Instantiating BootstrapContext using constructor [public org.springframework.test.context.support.DefaultBootstrapContext(java.lang.Class,org.springframework.test.context.CacheAwareContextLoaderDelegate)]
17:14:30.748 [Test worker] DEBUG org.springframework.test.context.BootstrapUtils - Instantiating TestContextBootstrapper for test class [com.watermelon.domain.album.AlbumRepositoryTest] from class [org.springframework.boot.test.context.SpringBootTestContextBootstrapper]
17:14:30.795 [Test worker] INFO org.springframework.boot.test.context.SpringBootTestContextBootstrapper - Neither @ContextConfiguration nor @ContextHierarchy found for test class [com.watermelon.domain.album.AlbumRepositoryTest], using SpringBootContextLoader
17:14:30.795 [Test worker] DEBUG org.springframework.test.context.support.AbstractContextLoader - Did not detect default resource location for test class [com.watermelon.domain.album.AlbumRepositoryTest]: class path resource [com/watermelon/domain/album/AlbumRepositoryTest-context.xml] does not exist
17:14:30.795 [Test worker] DEBUG org.springframework.test.context.support.AbstractContextLoader - Did not detect default resource location for test class [com.watermelon.domain.album.AlbumRepositoryTest]: class path resource [com/watermelon/domain/album/AlbumRepositoryTestContext.groovy] does not exist
17:14:30.795 [Test worker] INFO org.springframework.test.context.support.AbstractContextLoader - Could not detect default resource locations for test class [com.watermelon.domain.album.AlbumRepositoryTest]: no resource found for suffixes {-context.xml, Context.groovy}.
17:14:30.795 [Test worker] INFO org.springframework.test.context.support.AnnotationConfigContextLoaderUtils - Could not detect default configuration classes for test class [com.watermelon.domain.album.AlbumRepositoryTest]: AlbumRepositoryTest does not declare any static, non-private, non-final, nested classes annotated with @Configuration.
17:14:30.873 [Test worker] DEBUG org.springframework.test.context.support.ActiveProfilesUtils - Could not find an 'annotation declaring class' for annotation type [org.springframework.test.context.ActiveProfiles] and class [com.watermelon.domain.album.AlbumRepositoryTest]
17:14:30.998 [Test worker] DEBUG org.springframework.context.annotation.ClassPathScanningCandidateComponentProvider - Identified candidate component class: file [C:\Users\sigyung\works\waterMelon\CRUD\build\classes\java\main\com\watermelon\Application.class]
17:14:30.998 [Test worker] INFO org.springframework.boot.test.context.SpringBootTestContextBootstrapper - Found @SpringBootConfiguration com.watermelon.Application for test class com.watermelon.domain.album.AlbumRepositoryTest
17:14:31.170 [Test worker] DEBUG org.springframework.boot.test.context.SpringBootTestContextBootstrapper - @TestExecutionListeners is not present for class [com.watermelon.domain.album.AlbumRepositoryTest]: using defaults.
17:14:31.170 [Test worker] INFO org.springframework.boot.test.context.SpringBootTestContextBootstrapper - Loaded default TestExecutionListener class names from location [META-INF/spring.factories]: [org.springframework.boot.test.autoconfigure.restdocs.RestDocsTestExecutionListener, org.springframework.boot.test.autoconfigure.web.client.MockRestServiceServerResetTestExecutionListener, org.springframework.boot.test.autoconfigure.web.servlet.MockMvcPrintOnlyOnFailureTestExecutionListener, org.springframework.boot.test.autoconfigure.web.servlet.WebDriverTestExecutionListener, org.springframework.boot.test.autoconfigure.webservices.client.MockWebServiceServerTestExecutionListener, org.springframework.boot.test.mock.mockito.MockitoTestExecutionListener, org.springframework.boot.test.mock.mockito.ResetMocksTestExecutionListener, org.springframework.test.context.web.ServletTestExecutionListener, org.springframework.test.context.support.DirtiesContextBeforeModesTestExecutionListener, org.springframework.test.context.support.DependencyInjectionTestExecutionListener, org.springframework.test.context.support.DirtiesContextTestExecutionListener, org.springframework.test.context.transaction.TransactionalTestExecutionListener, org.springframework.test.context.jdbc.SqlScriptsTestExecutionListener, org.springframework.test.context.event.EventPublishingTestExecutionListener]
17:14:31.217 [Test worker] INFO org.springframework.boot.test.context.SpringBootTestContextBootstrapper - Using TestExecutionListeners: [org.springframework.test.context.web.ServletTestExecutionListener@61197f27, org.springframework.test.context.support.DirtiesContextBeforeModesTestExecutionListener@80c558e, org.springframework.boot.test.mock.mockito.MockitoTestExecutionListener@58a5a458, org.springframework.boot.test.autoconfigure.SpringBootDependencyInjectionTestExecutionListener@3fa3857a, org.springframework.test.context.support.DirtiesContextTestExecutionListener@156925ee, org.springframework.test.context.transaction.TransactionalTestExecutionListener@7f23a2e8, org.springframework.test.context.jdbc.SqlScriptsTestExecutionListener@ad15e30, org.springframework.test.context.event.EventPublishingTestExecutionListener@297a9245, org.springframework.boot.test.autoconfigure.restdocs.RestDocsTestExecutionListener@756094d1, org.springframework.boot.test.autoconfigure.web.client.MockRestServiceServerResetTestExecutionListener@17b65c77, org.springframework.boot.test.autoconfigure.web.servlet.MockMvcPrintOnlyOnFailureTestExecutionListener@1796a06f, org.springframework.boot.test.autoconfigure.web.servlet.WebDriverTestExecutionListener@6a03f062, org.springframework.boot.test.autoconfigure.webservices.client.MockWebServiceServerTestExecutionListener@1b3427ef, org.springframework.boot.test.mock.mockito.ResetMocksTestExecutionListener@3ec4851a]
17:14:31.217 [Test worker] DEBUG org.springframework.test.annotation.ProfileValueUtils - Retrieved @ProfileValueSourceConfiguration [null] for test class [com.watermelon.domain.album.AlbumRepositoryTest]
17:14:31.233 [Test worker] DEBUG org.springframework.test.annotation.ProfileValueUtils - Retrieved ProfileValueSource type [class org.springframework.test.annotation.SystemProfileValueSource] for class [com.watermelon.domain.album.AlbumRepositoryTest]
17:14:31.233 [Test worker] DEBUG org.springframework.test.annotation.ProfileValueUtils - Retrieved @ProfileValueSourceConfiguration [null] for test class [com.watermelon.domain.album.AlbumRepositoryTest]
17:14:31.233 [Test worker] DEBUG org.springframework.test.annotation.ProfileValueUtils - Retrieved ProfileValueSource type [class org.springframework.test.annotation.SystemProfileValueSource] for class [com.watermelon.domain.album.AlbumRepositoryTest]
17:14:31.233 [Test worker] DEBUG org.springframework.test.annotation.ProfileValueUtils - Retrieved @ProfileValueSourceConfiguration [null] for test class [com.watermelon.domain.album.AlbumRepositoryTest]
17:14:31.233 [Test worker] DEBUG org.springframework.test.annotation.ProfileValueUtils - Retrieved ProfileValueSource type [class org.springframework.test.annotation.SystemProfileValueSource] for class [com.watermelon.domain.album.AlbumRepositoryTest]
17:14:31.233 [Test worker] DEBUG org.springframework.test.annotation.ProfileValueUtils - Retrieved @ProfileValueSourceConfiguration [null] for test class [com.watermelon.domain.album.AlbumRepositoryTest]
17:14:31.233 [Test worker] DEBUG org.springframework.test.annotation.ProfileValueUtils - Retrieved ProfileValueSource type [class org.springframework.test.annotation.SystemProfileValueSource] for class [com.watermelon.domain.album.AlbumRepositoryTest]
17:14:31.233 [Test worker] DEBUG org.springframework.test.annotation.ProfileValueUtils - Retrieved @ProfileValueSourceConfiguration [null] for test class [com.watermelon.domain.album.AlbumRepositoryTest]
17:14:31.233 [Test worker] DEBUG org.springframework.test.annotation.ProfileValueUtils - Retrieved ProfileValueSource type [class org.springframework.test.annotation.SystemProfileValueSource] for class [com.watermelon.domain.album.AlbumRepositoryTest]
17:14:31.248 [Test worker] DEBUG org.springframework.test.context.support.AbstractDirtiesContextTestExecutionListener - Before test class: context [DefaultTestContext@79e3424a testClass = AlbumRepositoryTest, testInstance = [null], testMethod = [null], testException = [null], mergedContextConfiguration = [WebMergedContextConfiguration@140e4ba4 testClass = AlbumRepositoryTest, locations = '{}', classes = '{class com.watermelon.Application}', contextInitializerClasses = '[]', activeProfiles = '{}', propertySourceLocations = '{}', propertySourceProperties = '{org.springframework.boot.test.context.SpringBootTestContextBootstrapper=true, server.port=0}', contextCustomizers = set[org.springframework.boot.test.autoconfigure.properties.PropertyMappingContextCustomizer@0, org.springframework.boot.test.autoconfigure.web.servlet.WebDriverContextCustomizerFactory$Customizer@657b9ded, org.springframework.boot.test.context.filter.ExcludeFilterContextCustomizer@22d73e32, org.springframework.boot.test.json.DuplicateJsonObjectContextCustomizerFactory$DuplicateJsonObjectContextCustomizer@42020941, org.springframework.boot.test.mock.mockito.MockitoContextCustomizer@0, org.springframework.boot.test.web.client.TestRestTemplateContextCustomizer@58dc2e9b, org.springframework.boot.test.context.SpringBootTestArgs@1], resourceBasePath = 'src/main/webapp', contextLoader = 'org.springframework.boot.test.context.SpringBootContextLoader', parent = [null]], attributes = map['org.springframework.test.context.web.ServletTestExecutionListener.activateListener' -> false]], class annotated with @DirtiesContext [false] with mode [null].
17:14:31.248 [Test worker] DEBUG org.springframework.test.annotation.ProfileValueUtils - Retrieved @ProfileValueSourceConfiguration [null] for test class [com.watermelon.domain.album.AlbumRepositoryTest]
17:14:31.248 [Test worker] DEBUG org.springframework.test.annotation.ProfileValueUtils - Retrieved ProfileValueSource type [class org.springframework.test.annotation.SystemProfileValueSource] for class [com.watermelon.domain.album.AlbumRepositoryTest]
17:14:31.264 [Test worker] DEBUG org.springframework.test.context.support.DependencyInjectionTestExecutionListener - Performing dependency injection for test context [[DefaultTestContext@79e3424a testClass = AlbumRepositoryTest, testInstance = com.watermelon.domain.album.AlbumRepositoryTest@6d47209e, testMethod = [null], testException = [null], mergedContextConfiguration = [WebMergedContextConfiguration@140e4ba4 testClass = AlbumRepositoryTest, locations = '{}', classes = '{class com.watermelon.Application}', contextInitializerClasses = '[]', activeProfiles = '{}', propertySourceLocations = '{}', propertySourceProperties = '{org.springframework.boot.test.context.SpringBootTestContextBootstrapper=true, server.port=0}', contextCustomizers = set[org.springframework.boot.test.autoconfigure.properties.PropertyMappingContextCustomizer@0, org.springframework.boot.test.autoconfigure.web.servlet.WebDriverContextCustomizerFactory$Customizer@657b9ded, org.springframework.boot.test.context.filter.ExcludeFilterContextCustomizer@22d73e32, org.springframework.boot.test.json.DuplicateJsonObjectContextCustomizerFactory$DuplicateJsonObjectContextCustomizer@42020941, org.springframework.boot.test.mock.mockito.MockitoContextCustomizer@0, org.springframework.boot.test.web.client.TestRestTemplateContextCustomizer@58dc2e9b, org.springframework.boot.test.context.SpringBootTestArgs@1], resourceBasePath = 'src/main/webapp', contextLoader = 'org.springframework.boot.test.context.SpringBootContextLoader', parent = [null]], attributes = map['org.springframework.test.context.web.ServletTestExecutionListener.activateListener' -> false]]].
17:14:31.311 [Test worker] DEBUG org.springframework.test.context.support.TestPropertySourceUtils - Adding inlined properties to environment: {spring.jmx.enabled=false, org.springframework.boot.test.context.SpringBootTestContextBootstrapper=true, server.port=0}

  .   ____          _            __ _ _
 /\\ / ___'_ __ _ _(_)_ __  __ _ \ \ \ \
( ( )\___ | '_ | '_| | '_ \/ _` | \ \ \ \
 \\/  ___)| |_)| | | | | || (_| |  ) ) ) )
  '  |____| .__|_| |_|_| |_\__, | / / / /
 =========|_|==============|___/=/_/_/_/
 :: Spring Boot ::        (v2.3.2.RELEASE)

2020-11-18 17:14:31.898  INFO 4396 --- [    Test worker] c.w.domain.album.AlbumRepositoryTest     : Starting AlbumRepositoryTest on LAPTOP-OVQJ7QLO with PID 4396 (started by sigyung in C:\Users\sigyung\works\waterMelon\CRUD)
2020-11-18 17:14:31.898  INFO 4396 --- [    Test worker] c.w.domain.album.AlbumRepositoryTest     : No active profile set, falling back to default profiles: default
2020-11-18 17:14:32.882  INFO 4396 --- [    Test worker] .s.d.r.c.RepositoryConfigurationDelegate : Bootstrapping Spring Data JPA repositories in DEFERRED mode.
2020-11-18 17:14:33.038  INFO 4396 --- [    Test worker] .s.d.r.c.RepositoryConfigurationDelegate : Finished Spring Data repository scanning in 138ms. Found 6 JPA repository interfaces.
2020-11-18 17:14:34.085  INFO 4396 --- [    Test worker] o.s.b.w.embedded.tomcat.TomcatWebServer  : Tomcat initialized with port(s): 0 (http)
2020-11-18 17:14:34.101  INFO 4396 --- [    Test worker] o.apache.catalina.core.StandardService   : Starting service [Tomcat]
2020-11-18 17:14:34.101  INFO 4396 --- [    Test worker] org.apache.catalina.core.StandardEngine  : Starting Servlet engine: [Apache Tomcat/9.0.37]
2020-11-18 17:14:34.304  INFO 4396 --- [    Test worker] o.a.c.c.C.[Tomcat].[localhost].[/]       : Initializing Spring embedded WebApplicationContext
2020-11-18 17:14:34.304  INFO 4396 --- [    Test worker] w.s.c.ServletWebServerApplicationContext : Root WebApplicationContext: initialization completed in 2375 ms
2020-11-18 17:14:34.866  INFO 4396 --- [    Test worker] o.s.s.concurrent.ThreadPoolTaskExecutor  : Initializing ExecutorService 'applicationTaskExecutor'
2020-11-18 17:14:35.007  INFO 4396 --- [         task-1] o.hibernate.jpa.internal.util.LogHelper  : HHH000204: Processing PersistenceUnitInfo [name: default]
2020-11-18 17:14:35.163  INFO 4396 --- [         task-1] org.hibernate.Version                    : HHH000412: Hibernate ORM core version 5.4.18.Final
2020-11-18 17:14:35.538  INFO 4396 --- [         task-1] o.hibernate.annotations.common.Version   : HCANN000001: Hibernate Commons Annotations {5.1.0.Final}
2020-11-18 17:14:35.772  INFO 4396 --- [         task-1] com.zaxxer.hikari.HikariDataSource       : HikariPool-1 - Starting...
2020-11-18 17:14:36.241  INFO 4396 --- [         task-1] com.zaxxer.hikari.HikariDataSource       : HikariPool-1 - Start completed.
2020-11-18 17:14:36.288  INFO 4396 --- [         task-1] org.hibernate.dialect.Dialect            : HHH000400: Using dialect: org.hibernate.dialect.MySQL5InnoDBDialect
2020-11-18 17:14:37.866  INFO 4396 --- [         task-1] o.h.e.t.j.p.i.JtaPlatformInitiator       : HHH000490: Using JtaPlatform implementation: [org.hibernate.engine.transaction.jta.platform.internal.NoJtaPlatform]
2020-11-18 17:14:37.881  INFO 4396 --- [         task-1] j.LocalContainerEntityManagerFactoryBean : Initialized JPA EntityManagerFactory for persistence unit 'default'
2020-11-18 17:14:39.537  INFO 4396 --- [    Test worker] o.s.b.w.embedded.tomcat.TomcatWebServer  : Tomcat started on port(s): 56707 (http) with context path ''
2020-11-18 17:14:39.537  INFO 4396 --- [    Test worker] DeferredRepositoryInitializationListener : Triggering deferred initialization of Spring Data repositories…
2020-11-18 17:14:40.443  INFO 4396 --- [    Test worker] DeferredRepositoryInitializationListener : Spring Data repositories initialized!
2020-11-18 17:14:40.459  INFO 4396 --- [    Test worker] c.w.domain.album.AlbumRepositoryTest     : Started AlbumRepositoryTest in 9.138 seconds (JVM running for 11.829)
Hibernate: insert into album (created_at, updated_at, agency, deleted_at, information, publish_date, publisher, title, type) values (?, ?, ?, ?, ?, ?, ?, ?, ?)
2020-11-18 17:14:41.099  INFO 4396 --- [o-auto-1-exec-1] o.a.c.c.C.[Tomcat].[localhost].[/]       : Initializing Spring DispatcherServlet 'dispatcherServlet'
2020-11-18 17:14:41.099  INFO 4396 --- [o-auto-1-exec-1] o.s.web.servlet.DispatcherServlet        : Initializing Servlet 'dispatcherServlet'
2020-11-18 17:14:41.131  INFO 4396 --- [o-auto-1-exec-1] o.s.web.servlet.DispatcherServlet        : Completed initialization in 32 ms
Hibernate: select album0_.id as id1_0_0_, album0_.created_at as created_2_0_0_, album0_.updated_at as updated_3_0_0_, album0_.agency as agency4_0_0_, album0_.deleted_at as deleted_5_0_0_, album0_.information as informat6_0_0_, album0_.publish_date as publish_7_0_0_, album0_.publisher as publishe8_0_0_, album0_.title as title9_0_0_, album0_.type as type10_0_0_ from album album0_ where album0_.id=?
Hibernate: select artistalbu0_.album_id as album_id5_2_0_, artistalbu0_.id as id1_2_0_, artistalbu0_.id as id1_2_1_, artistalbu0_.created_at as created_2_2_1_, artistalbu0_.updated_at as updated_3_2_1_, artistalbu0_.album_id as album_id5_2_1_, artistalbu0_.artist_id as artist_i6_2_1_, artistalbu0_.deleted_at as deleted_4_2_1_, artist1_.id as id1_1_2_, artist1_.created_at as created_2_1_2_, artist1_.updated_at as updated_3_1_2_, artist1_.activity as activity4_1_2_, artist1_.agency as agency5_1_2_, artist1_.debut as debut6_1_2_, artist1_.debut_music as debut_mu7_1_2_, artist1_.deleted_at as deleted_8_1_2_, artist1_.fan_club as fan_club9_1_2_, artist1_.gender as gender10_1_2_, artist1_.genre as genre11_1_2_, artist1_.artist_id as artist_18_1_2_, artist1_.information as informa12_1_2_, artist1_.is_concoction as is_conc13_1_2_, artist1_.is_group as is_grou14_1_2_, artist1_.name as name15_1_2_, artist1_.nationality as nationa16_1_2_, artist1_.type as type17_1_2_ from artist_album artistalbu0_ left outer join artist artist1_ on artistalbu0_.artist_id=artist1_.id where artistalbu0_.album_id=?
Hibernate: select musics0_.album_id as album_i16_4_0_, musics0_.id as id1_4_0_, musics0_.id as id1_4_1_, musics0_.created_at as created_2_4_1_, musics0_.updated_at as updated_3_4_1_, musics0_.album_id as album_i16_4_1_, musics0_.arranger as arranger4_4_1_, musics0_.composer as composer5_4_1_, musics0_.deleted_at as deleted_6_4_1_, musics0_.genre as genre7_4_1_, musics0_.hits as hits8_4_1_, musics0_.is_title as is_title9_4_1_, musics0_.likes as likes10_4_1_, musics0_.lyrics as lyrics11_4_1_, musics0_.release_date as release12_4_1_, musics0_.songwriter as songwri13_4_1_, musics0_.thumbnail as thumbna14_4_1_, musics0_.title as title15_4_1_ from music musics0_ where musics0_.album_id=?
Hibernate: update album set created_at=?, updated_at=?, agency=?, deleted_at=?, information=?, publish_date=?, publisher=?, title=?, type=? where id=?
{id=14, title=title update, type=null, publishDate=null, publisher=null, agency=null, information=first album, deletedAt=null, artists=[], musics=[]}
Hibernate: select album0_.id as id1_0_0_, album0_.created_at as created_2_0_0_, album0_.updated_at as updated_3_0_0_, album0_.agency as agency4_0_0_, album0_.deleted_at as deleted_5_0_0_, album0_.information as informat6_0_0_, album0_.publish_date as publish_7_0_0_, album0_.publisher as publishe8_0_0_, album0_.title as title9_0_0_, album0_.type as type10_0_0_ from album album0_ where album0_.id=?
]]></system-out>
  <system-err><![CDATA[]]></system-err>
</testsuite>
